   0.000 ID= 1      LOOPING      
   0.001 ID= 1      Ask          
   0.002 ID= 1 Q= 0 Receive      4
   0.001 ID= 4      LOOPING      
   0.004 ID= 4      Ask          
   0.001 ID= 5      LOOPING      
   0.006 ID= 5      Ask          
   0.000 ID= 3      LOOPING      
   0.008 ID= 3      Ask          
   0.000 ID= 2      LOOPING      
   0.009 ID= 2      Ask          
   0.001 ID= 0 Q= 1 Work         4
   0.010 ID= 0 Q= 1 Work         2
   0.011 ID= 0 Q= 1 Work         1
   0.011 ID= 5 Q= 0 Receive      1
   0.010 ID= 4 Q= 0 Receive      2
   0.011 ID= 0 Q= 1 Work         1
   0.013 ID= 5      Complete     1
   0.013 ID= 5      LOOPING      
   0.013 ID= 5      Ask          
   0.011 ID= 1      Complete     4
   0.014 ID= 1      LOOPING      
   0.015 ID= 1      Ask          
   0.011 ID= 3 Q= 0 Receive      1
   0.014 ID= 4      Complete     2
   0.016 ID= 4      LOOPING      
   0.017 ID= 4      Ask          
   0.017 ID= 3      Complete     1
   0.018 ID= 3      LOOPING      
   0.018 ID= 3      Ask          
   0.103 ID= 0      Sleep        9
   0.104 ID= 0 Q= 1 Work         5
   0.104 ID= 2 Q= 0 Receive      5
   0.115 ID= 0      Sleep        1
   0.116 ID= 0 Q= 1 Work         1
   0.116 ID= 5 Q= 0 Receive      1
   0.117 ID= 0 Q= 1 Work         1
   0.117 ID= 1 Q= 0 Receive      1
   0.119 ID= 0 Q= 1 Work         1
   0.120 ID= 0      End          
   0.119 ID= 4 Q= 0 Receive      1
   0.122 ID= 5      Complete     1
   0.124 ID= 1      Complete     1
   0.126 ID= 2      Complete     5
   0.127 ID= 4      Complete     1
   0.000 ID= 1      LOOPING      
   0.001 ID= 1      Ask          
   0.000 ID= 4      LOOPING      
   0.002 ID= 4      Ask          
   0.000 ID= 3      LOOPING      
   0.003 ID= 3      Ask          
   0.000 ID= 2      LOOPING      
   0.004 ID= 2      Ask          
   0.000 ID= 5      LOOPING      
   0.005 ID= 5      Ask          
   0.001 ID= 1 Q= 0 Receive      4
   0.000 ID= 0 Q= 1 Work         4
   0.007 ID= 0 Q= 1 Work         2
   0.008 ID= 0 Q= 2 Work         1
   0.008 ID= 3 Q= 1 Receive      2
   0.008 ID= 0 Q= 2 Work         1
   0.008 ID= 2 Q= 1 Receive      1
   0.010 ID= 1      Complete     4
   0.011 ID= 1      LOOPING      
   0.011 ID= 1      Ask          
   0.011 ID= 3      Complete     2
   0.013 ID= 3      LOOPING      
   0.013 ID= 3      Ask          
   0.011 ID= 2      Complete     1
   0.014 ID= 2      LOOPING      
   0.015 ID= 2      Ask          
   0.010 ID= 4 Q= 0 Receive      1
   0.017 ID= 4      Complete     1
   0.017 ID= 4      LOOPING      
   0.018 ID= 4      Ask          
   0.100 ID= 0      Sleep        9
   0.100 ID= 0 Q= 1 Work         5
   0.100 ID= 5 Q= 0 Receive      5
   0.106 ID= 5      Complete     5
   0.106 ID= 5      LOOPING      
   0.107 ID= 5      Ask          
   0.111 ID= 0      Sleep        1
   0.112 ID= 0 Q= 1 Work         1
   0.112 ID= 1 Q= 0 Receive      1
   0.112 ID= 0 Q= 1 Work         1
   0.113 ID= 0 Q= 1 Work         1
   0.114 ID= 0      End          
   0.112 ID= 3 Q= 0 Receive      1
   0.114 ID= 1      Complete     1
   0.113 ID= 2 Q= 0 Receive      1
   0.116 ID= 3      Complete     1
   0.117 ID= 2      Complete     1
   0.000 ID= 1      LOOPING      
   0.001 ID= 1      Ask          
   0.000 ID= 2      LOOPING      
   0.002 ID= 2      Ask          
   0.000 ID= 0 Q= 1 Work         4
   0.000 ID= 5      LOOPING      
   0.004 ID= 5      Ask          
   0.001 ID= 1 Q= 0 Receive      4
   0.000 ID= 4      LOOPING      
   0.005 ID= 4      Ask          
   0.003 ID= 2 Q= 0 Receive      2
   0.000 ID= 3      LOOPING      
   0.007 ID= 3      Ask          
   0.003 ID= 0 Q= 1 Work         2
   0.008 ID= 0 Q= 1 Work         1
   0.008 ID= 5 Q= 0 Receive      1
   0.008 ID= 1      Complete     4
   0.010 ID= 1      LOOPING      
   0.010 ID= 1      Ask          
   0.009 ID= 4 Q= 0 Receive      1
   0.008 ID= 2      Complete     2
   0.012 ID= 2      LOOPING      
   0.013 ID= 2      Ask          
   0.010 ID= 5      Complete     1
   0.014 ID= 5      LOOPING      
   0.015 ID= 5      Ask          
   0.012 ID= 4      Complete     1
   0.016 ID= 4      LOOPING      
   0.016 ID= 4      Ask          
   0.009 ID= 0 Q= 1 Work         1
   0.107 ID= 0      Sleep        9
   0.108 ID= 0 Q= 1 Work         5
   0.108 ID= 3 Q= 0 Receive      5
   0.117 ID= 3      Complete     5
   0.117 ID= 3      LOOPING      
   0.118 ID= 3      Ask          
   0.119 ID= 0      Sleep        1
   0.120 ID= 0 Q= 1 Work         1
   0.120 ID= 1 Q= 0 Receive      1
   0.120 ID= 0 Q= 1 Work         1
   0.120 ID= 2 Q= 0 Receive      1
   0.122 ID= 0 Q= 1 Work         1
   0.123 ID= 0      End          
   0.122 ID= 1      Complete     1
   0.122 ID= 5 Q= 0 Receive      1
   0.124 ID= 2      Complete     1
   0.126 ID= 5      Complete     1
