   0.000 ID= 1      Ask          
   0.002 ID= 1 Q= 0 Receive      4
   0.003 ID= 0 Q= 1 Work         4
   0.004 ID= 0 Q= 1 Work         2
   0.005 ID= 2      Ask          
   0.006 ID= 2 Q= 1 Receive      2
   0.010 ID= 0 Q= 2 Work         1
   0.011 ID= 0 Q= 2 Work         1
   0.011 ID= 0      Sleep        9
   0.011 ID= 3      Ask          
   0.012 ID= 3 Q= 1 Receive      1
   0.012 ID= 2      Complete     2
   0.013 ID= 2      Ask          
   0.013 ID= 2 Q= 0 Receive      1
   0.014 ID= 3      Complete     1
   0.015 ID= 3      Ask          
   0.015 ID= 1      Complete     4
   0.016 ID= 1      Ask          
   0.016 ID= 2      Complete     1
   0.016 ID= 2      Ask          
   0.102 ID= 0 Q= 1 Work         5
   0.103 ID= 0      Sleep        1
   0.104 ID= 3 Q= 0 Receive      5
   0.114 ID= 0 Q= 1 Work         1
   0.114 ID= 0 Q= 1 Work         1
   0.115 ID= 0 Q= 1 Work         1
   0.116 ID= 0      End          
   0.117 ID= 2 Q= 0 Receive      1
   0.117 ID= 1 Q= 0 Receive      1
   0.121 ID= 2      Complete     1
   0.121 ID= 2      Ask          
   0.122 ID= 2 Q= 0 Receive      1
   0.123 ID= 1      Complete     1
   0.124 ID= 3      Complete     5
   0.126 ID= 2      Complete     1
Summary:
	Ask            8
	Complete       8
	End            1
	Receive        8
	Sleep          2
	Work           8
	Thread  1      2
	Thread  2      4
	Thread  3      2
Transactions per second:      62.84
